<?xml version="1.0" encoding="UTF-8"?>
<testsuite name="WeatherAppTests" tests="1" skipped="0" failures="0" errors="0" timestamp="2022-05-22T21:30:25" hostname="DESKTOP-GP8BOQD" time="4.05">
  <properties/>
  <testcase name="runTest()" classname="WeatherAppTests" time="4.05"/>
  <system-out><![CDATA[Welcome to the app for viewing weather conditions in St. Petersburg, Russia.

----------------------------------------
List of commands to use the application:
	"r" - show/update weather data
	"q" - exit the application
	"h"(any other string except "r" and "q") - get help
----------------------------------------

Unknown command! Please use the help below
----------------------------------------
List of commands to use the application:
	"r" - show/update weather data
	"q" - exit the application
	"h"(any other string except "r" and "q") - get help
----------------------------------------

Unknown command! Please use the help below
----------------------------------------
List of commands to use the application:
	"r" - show/update weather data
	"q" - exit the application
	"h"(any other string except "r" and "q") - get help
----------------------------------------

----------------------------------------
List of commands to use the application:
	"r" - show/update weather data
	"q" - exit the application
	"h"(any other string except "r" and "q") - get help
----------------------------------------


Current weather conditions in Saint Petersburg, Russia. Data for 2022-05-23 00:30:29
-------------------------------------------------------------------------------------------------------------
|                                   |     openweathermap.org            |     tomorrow.io                   |
-------------------------------------------------------------------------------------------------------------
|                   Temperature     |     5 deg. C / 41 deg. F          |     8 deg. C / 47 deg. F          |
-------------------------------------------------------------------------------------------------------------
|                   Cloud cover     |     0 %                           |     7 %                           |
-------------------------------------------------------------------------------------------------------------
|                      Humidity     |     48 %                          |     47 %                          |
-------------------------------------------------------------------------------------------------------------
|            Precipitation type     |     Clear sky                     |     Clear                         |
-------------------------------------------------------------------------------------------------------------
|                Wind direction     |     SW                            |     NW                            |
-------------------------------------------------------------------------------------------------------------
|                    Wind speed     |     2 mps                         |     1.81 mps                      |
-------------------------------------------------------------------------------------------------------------
|                 Precipitation     |     NO DATA                       |     0 mmph                        |
-------------------------------------------------------------------------------------------------------------

Please don't make requests so often! Use previously obtained data, they are still relevant, or try again later.
Intervals between updates of weather information should be at least 60 seconds!

Please don't make requests so often! Use previously obtained data, they are still relevant, or try again later.
Intervals between updates of weather information should be at least 60 seconds!

Unknown command! Please use the help below
----------------------------------------
List of commands to use the application:
	"r" - show/update weather data
	"q" - exit the application
	"h"(any other string except "r" and "q") - get help
----------------------------------------

----------------------------------------
List of commands to use the application:
	"r" - show/update weather data
	"q" - exit the application
	"h"(any other string except "r" and "q") - get help
----------------------------------------

Please don't make requests so often! Use previously obtained data, they are still relevant, or try again later.
Intervals between updates of weather information should be at least 60 seconds!

----------------------------------------
List of commands to use the application:
	"r" - show/update weather data
	"q" - exit the application
	"h"(any other string except "r" and "q") - get help
----------------------------------------

Thank you for using the app! Exiting the application is in progress
]]></system-out>
  <system-err><![CDATA[]]></system-err>
</testsuite>
