<?xml version="1.0" encoding="UTF-8"?>
<testsuite name="WeatherDataFormatterTests" tests="1" skipped="0" failures="0" errors="0" timestamp="2022-05-30T18:55:02" hostname="DESKTOP-GP8BOQD" time="0.125">
  <properties/>
  <testcase name="formatWeatherDataTest()" classname="WeatherDataFormatterTests" time="0.125"/>
  <system-out><![CDATA[]]></system-out>
  <system-err><![CDATA[]]></system-err>
</testsuite>
