<?xml version="1.0" encoding="UTF-8"?>
<testsuite name="SpringIocTests" tests="3" skipped="0" failures="0" errors="0" timestamp="2022-05-30T18:55:01" hostname="DESKTOP-GP8BOQD" time="0.885">
  <properties/>
  <testcase name="getHttpClientTest()" classname="SpringIocTests" time="0.61"/>
  <testcase name="getOpenweathermapOrgTest()" classname="SpringIocTests" time="0.267"/>
  <testcase name="getTomorrowIoTest()" classname="SpringIocTests" time="0.004"/>
  <system-out><![CDATA[]]></system-out>
  <system-err><![CDATA[]]></system-err>
</testsuite>
