<?xml version="1.0" encoding="UTF-8"?>
<testsuite name="OpenweathermapOrgTests" tests="1" skipped="0" failures="0" errors="0" timestamp="2022-05-22T21:30:21" hostname="DESKTOP-GP8BOQD" time="1.017">
  <properties/>
  <testcase name="getWeatherData test on openweathermapOrg()" classname="OpenweathermapOrgTests" time="1.017"/>
  <system-out><![CDATA[]]></system-out>
  <system-err><![CDATA[]]></system-err>
</testsuite>
