<?xml version="1.0" encoding="UTF-8"?>
<testsuite name="botMediumTests.BotMediumTests" tests="2" skipped="0" failures="0" errors="0" timestamp="2022-04-19T11:58:32" hostname="DESKTOP-GP8BOQD" time="0.372">
  <properties/>
  <testcase name="getDecisionTest()" classname="botMediumTests.BotMediumTests" time="0.161"/>
  <testcase name="getDecisionFullCoverageTest()" classname="botMediumTests.BotMediumTests" time="0.21"/>
  <system-out><![CDATA[]]></system-out>
  <system-err><![CDATA[]]></system-err>
</testsuite>
