<?xml version="1.0" encoding="UTF-8"?>
<testsuite name="shoeTests.ShoeTests" tests="3" skipped="0" failures="0" errors="0" timestamp="2022-04-19T11:58:36" hostname="DESKTOP-GP8BOQD" time="0.013">
  <properties/>
  <testcase name="takeCardTest()" classname="shoeTests.ShoeTests" time="0.003"/>
  <testcase name="shoeConstructorTest()" classname="shoeTests.ShoeTests" time="0.006"/>
  <testcase name="reshuffleTest()" classname="shoeTests.ShoeTests" time="0.002"/>
  <system-out><![CDATA[]]></system-out>
  <system-err><![CDATA[]]></system-err>
</testsuite>
