<?xml version="1.0" encoding="UTF-8"?>
<testsuite name="blackjackHandTests.BlackjackHandTests" tests="2" skipped="0" failures="0" errors="0" timestamp="2022-04-19T11:58:36" hostname="DESKTOP-GP8BOQD" time="0.342">
  <properties/>
  <testcase name="dealCardTest()" classname="blackjackHandTests.BlackjackHandTests" time="0.336"/>
  <testcase name="splitCardsTest()" classname="blackjackHandTests.BlackjackHandTests" time="0.004"/>
  <system-out><![CDATA[]]></system-out>
  <system-err><![CDATA[]]></system-err>
</testsuite>
