<?xml version="1.0" encoding="UTF-8"?>
<testsuite name="blackjackTableTests.BlackjackTableTests" tests="1" skipped="0" failures="0" errors="0" timestamp="2022-04-19T11:58:36" hostname="DESKTOP-GP8BOQD" time="0.037">
  <properties/>
  <testcase name="playBlackjackTableTest()" classname="blackjackTableTests.BlackjackTableTests" time="0.037"/>
  <system-out><![CDATA[-------------------------------------------
Player No.1 on average after 40 bets of $ 952 and an initial balance of $652 has 652.0
Player No.2 on average after 40 bets of $ 454 and an initial balance of $495 has 41.0
Player No.3 on average after 40 bets of $ 557 and an initial balance of $707 has 3770.0
Player No.4 on average after 40 bets of $ 774 and an initial balance of $29 has 29.0
Player No.5 on average after 40 bets of $ 433 and an initial balance of $357 has 357.0
Player No.6 on average after 40 bets of $ 661 and an initial balance of $971 has 310.0
Player No.7 on average after 40 bets of $ 406 and an initial balance of $928 has 2146.0
Player No.8 on average after 40 bets of $ 867 and an initial balance of $131 has 131.0
Player No.9 on average after 40 bets of $ 863 and an initial balance of $932 has 69.0
Player No.10 on average after 40 bets of $ 146 and an initial balance of $572 has 134.0
Player No.11 on average after 40 bets of $ 507 and an initial balance of $188 has 188.0
Player No.12 on average after 40 bets of $ 343 and an initial balance of $911 has 225.0
Player No.13 on average after 40 bets of $ 212 and an initial balance of $461 has 37.0
Player No.14 on average after 40 bets of $ 491 and an initial balance of $131 has 131.0
Player No.15 on average after 40 bets of $ 302 and an initial balance of $893 has 289.0
Player No.16 on average after 40 bets of $ 774 and an initial balance of $22 has 22.0
Player No.17 on average after 40 bets of $ 698 and an initial balance of $424 has 424.0
Player No.18 on average after 40 bets of $ 566 and an initial balance of $90 has 90.0
Player No.19 on average after 40 bets of $ 599 and an initial balance of $23 has 23.0
Player No.20 on average after 40 bets of $ 744 and an initial balance of $89 has 89.0
Player No.21 on average after 40 bets of $ 783 and an initial balance of $265 has 265.0
Player No.22 on average after 40 bets of $ 907 and an initial balance of $171 has 171.0
Player No.23 on average after 40 bets of $ 226 and an initial balance of $106 has 106.0
Player No.24 on average after 40 bets of $ 227 and an initial balance of $859 has 177.0
Player No.25 on average after 40 bets of $ 258 and an initial balance of $723 has 207.0
Player No.26 on average after 40 bets of $ 42 and an initial balance of $380 has 569.0
-------------------------------------------
]]></system-out>
  <system-err><![CDATA[]]></system-err>
</testsuite>
