<?xml version="1.0" encoding="UTF-8"?>
<testsuite name="botEasyTests.BotEasyTests" tests="1" skipped="0" failures="0" errors="0" timestamp="2022-04-19T11:58:27" hostname="DESKTOP-GP8BOQD" time="0.165">
  <properties/>
  <testcase name="getDecisionTest()" classname="botEasyTests.BotEasyTests" time="0.165"/>
  <system-out><![CDATA[]]></system-out>
  <system-err><![CDATA[]]></system-err>
</testsuite>
