<?xml version="1.0" encoding="UTF-8"?>
<testsuite name="TomorrowIoTests" tests="1" skipped="0" failures="0" errors="0" timestamp="2022-05-30T18:55:15" hostname="DESKTOP-GP8BOQD" time="9.57">
  <properties/>
  <testcase name="WeatherWeb getWeatherData test on tomorrowIo()" classname="TomorrowIoTests" time="9.57"/>
  <system-out><![CDATA[]]></system-out>
  <system-err><![CDATA[]]></system-err>
</testsuite>
