<?xml version="1.0" encoding="UTF-8"?>
<testsuite name="OpenweathermapOrgTests" tests="1" skipped="0" failures="0" errors="0" timestamp="2022-05-30T18:55:05" hostname="DESKTOP-GP8BOQD" time="6.918">
  <properties/>
  <testcase name="WeatherWeb getWeatherData test on openweathermapOrg()" classname="OpenweathermapOrgTests" time="6.918"/>
  <system-out><![CDATA[]]></system-out>
  <system-err><![CDATA[]]></system-err>
</testsuite>
